This is pdfTeX, Version 3.14159265-2.6-1.40.20 (MiKTeX 2.9.7200 64-bit) (preloaded format=pdflatex 2019.10.15)  12 DEC 2019 12:49
entering extended mode
**./DD.tex
(DD.tex
LaTeX2e <2019-10-01>
("C:\Users\Utente\AppData\Local\Programs\MiKTeX 2.9\tex/latex/base\article.cls"
Document Class: article 2019/08/27 v1.4j Standard LaTeX document class
("C:\Users\Utente\AppData\Local\Programs\MiKTeX 2.9\tex/latex/base\size12.clo"
File: size12.clo 2019/08/27 v1.4j Standard LaTeX file (size option)
)
\c@part=\count80
\c@section=\count81
\c@subsection=\count82
\c@subsubsection=\count83
\c@paragraph=\count84
\c@subparagraph=\count85
\c@figure=\count86
\c@table=\count87
\abovecaptionskip=\skip41
\belowcaptionskip=\skip42
\bibindent=\dimen102
)
("C:\Users\Utente\AppData\Local\Programs\MiKTeX 2.9\tex/latex/base\inputenc.sty
"
Package: inputenc 2018/08/11 v1.3c Input encoding file
\inpenc@prehook=\toks14
\inpenc@posthook=\toks15
 ("C:\Users\Utente\AppData\Local\Programs\MiKTeX 2.9\tex/latex/base\latin1.def"
File: latin1.def 2018/08/11 v1.3c Input encoding file
))
("C:\Users\Utente\AppData\Local\Programs\MiKTeX 2.9\tex/latex/float\float.sty"
Package: float 2001/11/08 v1.3d Float enhancements (AL)
\c@float@type=\count88
\float@exts=\toks16
\float@box=\box27
\@float@everytoks=\toks17
\@floatcapt=\box28
)
("C:\Users\Utente\AppData\Local\Programs\MiKTeX 2.9\tex/latex/amsmath\amsmath.s
ty"
Package: amsmath 2019/04/01 v2.17c AMS math features
\@mathmargin=\skip43

For additional information on amsmath, use the `?' option.

("C:\Users\Utente\AppData\Local\Programs\MiKTeX 2.9\tex/latex/amsmath\amstext.s
ty"
Package: amstext 2000/06/29 v2.01 AMS text

("C:\Users\Utente\AppData\Local\Programs\MiKTeX 2.9\tex/latex/amsmath\amsgen.st
y"
File: amsgen.sty 1999/11/30 v2.0 generic functions
\@emptytoks=\toks18
\ex@=\dimen103
))
("C:\Users\Utente\AppData\Local\Programs\MiKTeX 2.9\tex/latex/amsmath\amsbsy.st
y"
Package: amsbsy 1999/11/29 v1.2d Bold Symbols
\pmbraise@=\dimen104
)
("C:\Users\Utente\AppData\Local\Programs\MiKTeX 2.9\tex/latex/amsmath\amsopn.st
y"
Package: amsopn 2016/03/08 v2.02 operator names
)
\inf@bad=\count89
LaTeX Info: Redefining \frac on input line 227.
\uproot@=\count90
\leftroot@=\count91
LaTeX Info: Redefining \overline on input line 389.
\classnum@=\count92
\DOTSCASE@=\count93
LaTeX Info: Redefining \ldots on input line 486.
LaTeX Info: Redefining \dots on input line 489.
LaTeX Info: Redefining \cdots on input line 610.
\Mathstrutbox@=\box29
\strutbox@=\box30
\big@size=\dimen105
LaTeX Font Info:    Redeclaring font encoding OML on input line 733.
LaTeX Font Info:    Redeclaring font encoding OMS on input line 734.
\macc@depth=\count94
\c@MaxMatrixCols=\count95
\dotsspace@=\muskip10
\c@parentequation=\count96
\dspbrk@lvl=\count97
\tag@help=\toks19
\row@=\count98
\column@=\count99
\maxfields@=\count100
\andhelp@=\toks20
\eqnshift@=\dimen106
\alignsep@=\dimen107
\tagshift@=\dimen108
\tagwidth@=\dimen109
\totwidth@=\dimen110
\lineht@=\dimen111
\@envbody=\toks21
\multlinegap=\skip44
\multlinetaggap=\skip45
\mathdisplay@stack=\toks22
LaTeX Info: Redefining \[ on input line 2855.
LaTeX Info: Redefining \] on input line 2856.
)
("C:\Users\Utente\AppData\Local\Programs\MiKTeX 2.9\tex/latex/amsfonts\amsfonts
.sty"
Package: amsfonts 2013/01/14 v3.01 Basic AMSFonts support
\symAMSa=\mathgroup4
\symAMSb=\mathgroup5
LaTeX Font Info:    Redeclaring math symbol \hbar on input line 98.
LaTeX Font Info:    Overwriting math alphabet `\mathfrak' in version `bold'
(Font)                  U/euf/m/n --> U/euf/b/n on input line 106.
)
("C:\Users\Utente\AppData\Local\Programs\MiKTeX 2.9\tex/latex/amsfonts\amssymb.
sty"
Package: amssymb 2013/01/14 v3.01 AMS font symbols
)
("C:\Users\Utente\AppData\Local\Programs\MiKTeX 2.9\tex/latex/graphics\graphicx
.sty"
Package: graphicx 2017/06/01 v1.1a Enhanced LaTeX Graphics (DPC,SPQR)

("C:\Users\Utente\AppData\Local\Programs\MiKTeX 2.9\tex/latex/graphics\keyval.s
ty"
Package: keyval 2014/10/28 v1.15 key=value parser (DPC)
\KV@toks@=\toks23
)
("C:\Users\Utente\AppData\Local\Programs\MiKTeX 2.9\tex/latex/graphics\graphics
.sty"
Package: graphics 2019/07/20 v1.3b Standard LaTeX Graphics (DPC,SPQR)

("C:\Users\Utente\AppData\Local\Programs\MiKTeX 2.9\tex/latex/graphics\trig.sty
"
Package: trig 2016/01/03 v1.10 sin cos tan (DPC)
)
("C:\Users\Utente\AppData\Local\Programs\MiKTeX 2.9\tex/latex/graphics-cfg\grap
hics.cfg"
File: graphics.cfg 2016/06/04 v1.11 sample graphics configuration
)
Package graphics Info: Driver file: pdftex.def on input line 105.

("C:\Users\Utente\AppData\Local\Programs\MiKTeX 2.9\tex/latex/graphics-def\pdft
ex.def"
File: pdftex.def 2018/01/08 v1.0l Graphics/color driver for pdftex
))
\Gin@req@height=\dimen112
\Gin@req@width=\dimen113
)
("C:\Users\Utente\AppData\Local\Programs\MiKTeX 2.9\tex/latex/pdfpages\pdfpages
.sty"
Package: pdfpages 2019/11/21 v0.5o Insert pages of external PDF documents (AM)

("C:\Users\Utente\AppData\Local\Programs\MiKTeX 2.9\tex/latex/base\ifthen.sty"
Package: ifthen 2014/09/29 v1.1c Standard LaTeX ifthen package (DPC)
) ("C:\Users\Utente\AppData\Local\Programs\MiKTeX 2.9\tex/latex/tools\calc.sty"
Package: calc 2017/05/25 v4.3 Infix arithmetic (KKT,FJ)
\calc@Acount=\count101
\calc@Bcount=\count102
\calc@Adimen=\dimen114
\calc@Bdimen=\dimen115
\calc@Askip=\skip46
\calc@Bskip=\skip47
LaTeX Info: Redefining \setlength on input line 80.
LaTeX Info: Redefining \addtolength on input line 81.
\calc@Ccount=\count103
\calc@Cskip=\skip48
)
("C:\Users\Utente\AppData\Local\Programs\MiKTeX 2.9\tex/latex/eso-pic\eso-pic.s
ty"
Package: eso-pic 2018/04/12 v2.0h eso-pic (RN)

("C:\Users\Utente\AppData\Local\Programs\MiKTeX 2.9\tex/generic/oberdiek\atbegs
hi.sty"
Package: atbegshi 2016/06/09 v1.18 At begin shipout hook (HO)

("C:\Users\Utente\AppData\Local\Programs\MiKTeX 2.9\tex/generic/oberdiek\infwar
err.sty"
Package: infwarerr 2016/05/16 v1.4 Providing info/warning/error messages (HO)
)
("C:\Users\Utente\AppData\Local\Programs\MiKTeX 2.9\tex/generic/oberdiek\ltxcmd
s.sty"
Package: ltxcmds 2016/05/16 v1.23 LaTeX kernel commands for general use (HO)
)
("C:\Users\Utente\AppData\Local\Programs\MiKTeX 2.9\tex/generic/oberdiek\ifpdf.
sty"
Package: ifpdf 2018/09/07 v3.3 Provides the ifpdf switch
))
("C:\Users\Utente\AppData\Local\Programs\MiKTeX 2.9\tex/latex/xcolor\xcolor.sty
"
Package: xcolor 2016/05/11 v2.12 LaTeX color extensions (UK)

("C:\Users\Utente\AppData\Local\Programs\MiKTeX 2.9\tex/latex/graphics-cfg\colo
r.cfg"
File: color.cfg 2016/01/02 v1.6 sample color configuration
)
Package xcolor Info: Driver file: pdftex.def on input line 225.
Package xcolor Info: Model `cmy' substituted by `cmy0' on input line 1348.
Package xcolor Info: Model `hsb' substituted by `rgb' on input line 1352.
Package xcolor Info: Model `RGB' extended on input line 1364.
Package xcolor Info: Model `HTML' substituted by `rgb' on input line 1366.
Package xcolor Info: Model `Hsb' substituted by `hsb' on input line 1367.
Package xcolor Info: Model `tHsb' substituted by `hsb' on input line 1368.
Package xcolor Info: Model `HSB' substituted by `hsb' on input line 1369.
Package xcolor Info: Model `Gray' substituted by `gray' on input line 1370.
Package xcolor Info: Model `wave' substituted by `hsb' on input line 1371.
))
\AM@pagewidth=\dimen116
\AM@pageheight=\dimen117

("C:\Users\Utente\AppData\Local\Programs\MiKTeX 2.9\tex/latex/pdfpages\pppdftex
.def"
File: pppdftex.def 2019/11/21 v0.5o Pdfpages driver for pdfTeX (AM)
)
\AM@pagebox=\box31
\AM@global@opts=\toks24
\AM@toc@title=\toks25
\c@AM@survey=\count104
\AM@templatesizebox=\box32
)
("C:\Users\Utente\AppData\Local\Programs\MiKTeX 2.9\tex/latex/hyperref\hyperref
.sty"
Package: hyperref 2019/09/28 v7.00a Hypertext links for LaTeX

("C:\Users\Utente\AppData\Local\Programs\MiKTeX 2.9\tex/generic/oberdiek\hobsub
-hyperref.sty"
Package: hobsub-hyperref 2016/05/16 v1.14 Bundle oberdiek, subset hyperref (HO)


("C:\Users\Utente\AppData\Local\Programs\MiKTeX 2.9\tex/generic/oberdiek\hobsub
-generic.sty"
Package: hobsub-generic 2016/05/16 v1.14 Bundle oberdiek, subset generic (HO)
Package: hobsub 2016/05/16 v1.14 Construct package bundles (HO)
Package hobsub Info: Skipping package `infwarerr' (already loaded).
Package hobsub Info: Skipping package `ltxcmds' (already loaded).
Package: ifluatex 2016/05/16 v1.4 Provides the ifluatex switch (HO)
Package ifluatex Info: LuaTeX not detected.
Package: ifvtex 2016/05/16 v1.6 Detect VTeX and its facilities (HO)
Package ifvtex Info: VTeX not detected.
Package: intcalc 2016/05/16 v1.2 Expandable calculations with integers (HO)
Package hobsub Info: Skipping package `ifpdf' (already loaded).
Package: etexcmds 2016/05/16 v1.6 Avoid name clashes with e-TeX commands (HO)
Package: kvsetkeys 2016/05/16 v1.17 Key value parser (HO)
Package: kvdefinekeys 2016/05/16 v1.4 Define keys (HO)
Package: pdftexcmds 2019/07/25 v0.30 Utility functions of pdfTeX for LuaTeX (HO
)
Package pdftexcmds Info: LuaTeX not detected.
Package pdftexcmds Info: \pdf@primitive is available.
Package pdftexcmds Info: \pdf@ifprimitive is available.
Package pdftexcmds Info: \pdfdraftmode found.
Package: pdfescape 2016/05/16 v1.14 Implements pdfTeX's escape features (HO)
Package: bigintcalc 2016/05/16 v1.4 Expandable calculations on big integers (HO
)
Package: bitset 2016/05/16 v1.2 Handle bit-vector datatype (HO)
Package: uniquecounter 2016/05/16 v1.3 Provide unlimited unique counter (HO)
)
Package hobsub Info: Skipping package `hobsub' (already loaded).
Package: letltxmacro 2016/05/16 v1.5 Let assignment for LaTeX macros (HO)
Package: hopatch 2016/05/16 v1.3 Wrapper for package hooks (HO)
Package: xcolor-patch 2016/05/16 xcolor patch
Package: atveryend 2016/05/16 v1.9 Hooks at the very end of document (HO)
Package atveryend Info: \enddocument detected (standard20110627).
Package hobsub Info: Skipping package `atbegshi' (already loaded).
Package: refcount 2016/05/16 v3.5 Data extraction from label references (HO)
Package: hycolor 2016/05/16 v1.8 Color options for hyperref/bookmark (HO)
)
("C:\Users\Utente\AppData\Local\Programs\MiKTeX 2.9\tex/generic/ifxetex\ifxetex
.sty"
Package: ifxetex 2010/09/12 v0.6 Provides ifxetex conditional
)
("C:\Users\Utente\AppData\Local\Programs\MiKTeX 2.9\tex/latex/oberdiek\auxhook.
sty"
Package: auxhook 2016/05/16 v1.4 Hooks for auxiliary files (HO)
)
("C:\Users\Utente\AppData\Local\Programs\MiKTeX 2.9\tex/latex/oberdiek\kvoption
s.sty"
Package: kvoptions 2016/05/16 v3.12 Key value format for package options (HO)
)
\@linkdim=\dimen118
\Hy@linkcounter=\count105
\Hy@pagecounter=\count106

("C:\Users\Utente\AppData\Local\Programs\MiKTeX 2.9\tex/latex/hyperref\pd1enc.d
ef"
File: pd1enc.def 2019/09/28 v7.00a Hyperref: PDFDocEncoding definition (HO)
Now handling font encoding PD1 ...
... no UTF-8 mapping file for font encoding PD1
)
\Hy@SavedSpaceFactor=\count107

("C:\Users\Utente\AppData\Local\Programs\MiKTeX 2.9\tex/latex/00miktex\hyperref
.cfg"
File: hyperref.cfg 2002/06/06 v1.2 hyperref configuration of TeXLive
)
Package hyperref Info: Hyper figures OFF on input line 4540.
Package hyperref Info: Link nesting OFF on input line 4545.
Package hyperref Info: Hyper index ON on input line 4548.
Package hyperref Info: Plain pages OFF on input line 4555.
Package hyperref Info: Backreferencing OFF on input line 4560.
Package hyperref Info: Implicit mode ON; LaTeX internals redefined.
Package hyperref Info: Bookmarks ON on input line 4793.
\c@Hy@tempcnt=\count108
 ("C:\Users\Utente\AppData\Local\Programs\MiKTeX 2.9\tex/latex/url\url.sty"
\Urlmuskip=\muskip11
Package: url 2013/09/16  ver 3.4  Verb mode for urls, etc.
)
LaTeX Info: Redefining \url on input line 5152.
\XeTeXLinkMargin=\dimen119
\Fld@menulength=\count109
\Field@Width=\dimen120
\Fld@charsize=\dimen121
Package hyperref Info: Hyper figures OFF on input line 6423.
Package hyperref Info: Link nesting OFF on input line 6428.
Package hyperref Info: Hyper index ON on input line 6431.
Package hyperref Info: backreferencing OFF on input line 6438.
Package hyperref Info: Link coloring OFF on input line 6443.
Package hyperref Info: Link coloring with OCG OFF on input line 6448.
Package hyperref Info: PDF/A mode OFF on input line 6453.
LaTeX Info: Redefining \ref on input line 6493.
LaTeX Info: Redefining \pageref on input line 6497.
\Hy@abspage=\count110
\c@Item=\count111
\c@Hfootnote=\count112
)
Package hyperref Info: Driver (autodetected): hpdftex.

("C:\Users\Utente\AppData\Local\Programs\MiKTeX 2.9\tex/latex/hyperref\hpdftex.
def"
File: hpdftex.def 2019/09/28 v7.00a Hyperref driver for pdfTeX
\Fld@listcount=\count113
\c@bookmark@seq@number=\count114

("C:\Users\Utente\AppData\Local\Programs\MiKTeX 2.9\tex/latex/oberdiek\rerunfil
echeck.sty"
Package: rerunfilecheck 2016/05/16 v1.8 Rerun checks for auxiliary files (HO)
Package uniquecounter Info: New unique counter `rerunfilecheck' on input line 2
82.
)
\Hy@SectionHShift=\skip49
) (DD.aux)
\openout1 = `DD.aux'.

LaTeX Font Info:    Checking defaults for OML/cmm/m/it on input line 12.
LaTeX Font Info:    ... okay on input line 12.
LaTeX Font Info:    Checking defaults for T1/cmr/m/n on input line 12.
LaTeX Font Info:    ... okay on input line 12.
LaTeX Font Info:    Checking defaults for OT1/cmr/m/n on input line 12.
LaTeX Font Info:    ... okay on input line 12.
LaTeX Font Info:    Checking defaults for OMS/cmsy/m/n on input line 12.
LaTeX Font Info:    ... okay on input line 12.
LaTeX Font Info:    Checking defaults for OMX/cmex/m/n on input line 12.
LaTeX Font Info:    ... okay on input line 12.
LaTeX Font Info:    Checking defaults for U/cmr/m/n on input line 12.
LaTeX Font Info:    ... okay on input line 12.
LaTeX Font Info:    Checking defaults for PD1/pdf/m/n on input line 12.
LaTeX Font Info:    ... okay on input line 12.

("C:\Users\Utente\AppData\Local\Programs\MiKTeX 2.9\tex/context/base/mkii\supp-
pdf.mkii"
[Loading MPS to PDF converter (version 2006.09.02).]
\scratchcounter=\count115
\scratchdimen=\dimen122
\scratchbox=\box33
\nofMPsegments=\count116
\nofMParguments=\count117
\everyMPshowfont=\toks26
\MPscratchCnt=\count118
\MPscratchDim=\dimen123
\MPnumerator=\count119
\makeMPintoPDFobject=\count120
\everyMPtoPDFconversion=\toks27
)
("C:\Users\Utente\AppData\Local\Programs\MiKTeX 2.9\tex/latex/oberdiek\epstopdf
-base.sty"
Package: epstopdf-base 2016/05/15 v2.6 Base part for package epstopdf

("C:\Users\Utente\AppData\Local\Programs\MiKTeX 2.9\tex/latex/oberdiek\grfext.s
ty"
Package: grfext 2016/05/16 v1.2 Manage graphics extensions (HO)
)
Package epstopdf-base Info: Redefining graphics rule for `.eps' on input line 4
38.
Package grfext Info: Graphics extension search list:
(grfext)             [.pdf,.png,.jpg,.mps,.jpeg,.jbig2,.jb2,.PDF,.PNG,.JPG,.JPE
G,.JBIG2,.JB2,.eps]
(grfext)             \AppendGraphicsExtensions on input line 456.
)
\AtBeginShipoutBox=\box34

("C:\Users\Utente\AppData\Local\Programs\MiKTeX 2.9\tex/latex/oberdiek\pdflscap
e.sty"
Package: pdflscape 2016/05/14 v0.11 Display of landscape pages in PDF (HO)

("C:\Users\Utente\AppData\Local\Programs\MiKTeX 2.9\tex/latex/graphics\lscape.s
ty"
Package: lscape 2000/10/22 v3.01 Landscape Pages (DPC)
)
Package pdflscape Info: Auto-detected driver: pdftex on input line 81.
)
Package hyperref Info: Link coloring OFF on input line 12.

("C:\Users\Utente\AppData\Local\Programs\MiKTeX 2.9\tex/latex/hyperref\nameref.
sty"
Package: nameref 2019/09/16 v2.46 Cross-referencing by name of section

("C:\Users\Utente\AppData\Local\Programs\MiKTeX 2.9\tex/generic/oberdiek\gettit
lestring.sty"
Package: gettitlestring 2016/05/16 v1.5 Cleanup title references (HO)
)
\c@section@level=\count121
)
LaTeX Info: Redefining \ref on input line 12.
LaTeX Info: Redefining \pageref on input line 12.
LaTeX Info: Redefining \nameref on input line 12.
 (DD.out) (DD.out)
\@outlinefile=\write3
\openout3 = `DD.out'.

<../assets/images/logo_poli.pdf, id=159, 174.90344pt x 111.99843pt>
File: ../assets/images/logo_poli.pdf Graphic file (type pdf)
<use ../assets/images/logo_poli.pdf>
Package pdftex.def Info: ../assets/images/logo_poli.pdf  used on input line 16.

(pdftex.def)             Requested size: 390.0pt x 249.77415pt.
LaTeX Font Info:    Trying to load font information for U+msa on input line 32.


("C:\Users\Utente\AppData\Local\Programs\MiKTeX 2.9\tex/latex/amsfonts\umsa.fd"
File: umsa.fd 2013/01/14 v3.01 AMS symbols A
)
LaTeX Font Info:    Trying to load font information for U+msb on input line 32.

 ("C:\Users\Utente\AppData\Local\Programs\MiKTeX 2.9\tex/latex/amsfonts\umsb.fd
"
File: umsb.fd 2013/01/14 v3.01 AMS symbols B
) [1

{C:/Users/Utente/AppData/Local/MiKTeX/2.9/pdftex/config/pdftex.map} <../assets/
images/logo_poli.pdf>] (DD.toc [2])
\tf@toc=\write4
\openout4 = `DD.toc'.

 [3]
LaTeX Font Info:    Trying to load font information for OMS+cmr on input line 4
5.

("C:\Users\Utente\AppData\Local\Programs\MiKTeX 2.9\tex/latex/base\omscmr.fd"
File: omscmr.fd 2014/09/29 v2.5h Standard LaTeX font definitions
)
LaTeX Font Info:    Font shape `OMS/cmr/m/n' in size <12> not available
(Font)              Font shape `OMS/cmsy/m/n' tried instead on input line 45.

[4] [5] [6]
<../assets/sequence_diagrams/exports/architecture.pdf, id=266, 463.7325pt x 247
.8861pt>
File: ../assets/sequence_diagrams/exports/architecture.pdf Graphic file (type p
df)
<use ../assets/sequence_diagrams/exports/architecture.pdf>
Package pdftex.def Info: ../assets/sequence_diagrams/exports/architecture.pdf  
used on input line 89.
(pdftex.def)             Requested size: 350.99762pt x 187.62753pt.

Underfull \hbox (badness 10000) in paragraph at lines 98--100

 []

[7 <../assets/sequence_diagrams/exports/architecture.pdf>]
Overfull \hbox (0.64238pt too wide) in paragraph at lines 105--110
[]\OT1/cmr/m/n/12 The Client side is com-posed of two dif-fer-ent com-po-nents,
 the \OT1/cmtt/m/n/12 Authority
 []


Overfull \hbox (38.32832pt too wide) in paragraph at lines 105--110
\OT1/cmtt/m/n/12 Web Application\OT1/cmr/m/n/12 , in-tended for au-thor-i-ties 
only and the \OT1/cmtt/m/n/12 Mobile Application\OT1/cmr/m/n/12 ,
 []


Overfull \hbox (0.2623pt too wide) in paragraph at lines 110--111
\OT1/cmr/m/n/12 thor-i-ties to check the map, solve vi-o-la-tions, etc., the \O
T1/cmtt/m/n/12 User Application
 []

<../assets/images/component_no3rdparty.pdf, id=333, 423.50218pt x 291.00719pt>
File: ../assets/images/component_no3rdparty.pdf Graphic file (type pdf)
<use ../assets/images/component_no3rdparty.pdf>
Package pdftex.def Info: ../assets/images/component_no3rdparty.pdf  used on inp
ut line 114.
(pdftex.def)             Requested size: 390.0pt x 267.98296pt.
[8] [9 <../assets/images/component_no3rdparty.pdf>]
<../assets/images/user_mobile_projection.pdf, id=357, 491.91779pt x 441.56969pt
>
File: ../assets/images/user_mobile_projection.pdf Graphic file (type pdf)
<use ../assets/images/user_mobile_projection.pdf>
Package pdftex.def Info: ../assets/images/user_mobile_projection.pdf  used on i
nput line 124.
(pdftex.def)             Requested size: 467.99881pt x 420.10196pt.

Overfull \hbox (77.99881pt too wide) in paragraph at lines 124--125
 [][] 
 []


Overfull \hbox (24.458pt too wide) in paragraph at lines 121--126
\OT1/cmtt/m/n/12 Authentication Module\OT1/cmr/m/n/12 , the \OT1/cmtt/m/n/12 Pr
ofile Module\OT1/cmr/m/n/12 , the \OT1/cmtt/m/n/12 Violations Report Module
 []

[10 <../assets/images/user_mobile_projection.pdf>]
Underfull \hbox (badness 10000) in paragraph at lines 133--134

 []


Underfull \hbox (badness 10000) in paragraph at lines 133--134

 []

[11]
<../assets/images/user_projection.pdf, id=383, 612.36775pt x 487.8225pt>
File: ../assets/images/user_projection.pdf Graphic file (type pdf)
<use ../assets/images/user_projection.pdf>
Package pdftex.def Info: ../assets/images/user_projection.pdf  used on input li
ne 145.
(pdftex.def)             Requested size: 467.99881pt x 372.8257pt.

Overfull \hbox (77.99881pt too wide) in paragraph at lines 145--146
 [][] 
 []


Overfull \hbox (13.20093pt too wide) in paragraph at lines 142--147
\OT1/cmr/m/n/12 The User Ser-vices Pro-jec-tion is sub-di-vided into 4 mod-ules
: the \OT1/cmtt/m/n/12 Authentication
 []


Overfull \hbox (70.00877pt too wide) in paragraph at lines 142--147
\OT1/cmr/m/n/12 ing in-ter-faces: \OT1/cmtt/m/n/12 AuthenticationManager\OT1/cm
r/m/n/12 , \OT1/cmtt/m/n/12 ProfileManager \OT1/cmr/m/n/12 and \OT1/cmtt/m/n/12
 ViolationReportManager\OT1/cmr/m/n/12 .
 []

[12 <../assets/images/user_projection.pdf>]
Underfull \hbox (badness 10000) in paragraph at lines 154--155

 []


Underfull \hbox (badness 10000) in paragraph at lines 154--155

 []

[13]
<../assets/images/Authority_webapp_projection.pdf, id=410, 511.9125pt x 564.187
82pt>
File: ../assets/images/Authority_webapp_projection.pdf Graphic file (type pdf)
<use ../assets/images/Authority_webapp_projection.pdf>
Package pdftex.def Info: ../assets/images/Authority_webapp_projection.pdf  used
 on input line 165.
(pdftex.def)             Requested size: 390.0pt x 429.82886pt.
 [14 <../assets/images/Authority_webapp_projection.pdf>] [15]
<../assets/images/authority_projection.pdf, id=436, 612.36775pt x 575.2692pt>
File: ../assets/images/authority_projection.pdf Graphic file (type pdf)
<use ../assets/images/authority_projection.pdf>
Package pdftex.def Info: ../assets/images/authority_projection.pdf  used on inp
ut line 186.
(pdftex.def)             Requested size: 390.0pt x 366.38034pt.

Overfull \hbox (0.34302pt too wide) in paragraph at lines 183--188
\OT1/cmtt/m/n/12 Module\OT1/cmr/m/n/12 , the \OT1/cmtt/m/n/12 Suggestion Module
 \OT1/cmr/m/n/12 and the \OT1/cmtt/m/n/12 Machine Learning Module\OT1/cmr/m/n/1
2 . These
 []


Overfull \hbox (12.79971pt too wide) in paragraph at lines 183--188
\OT1/cmr/m/n/12 faces: \OT1/cmtt/m/n/12 AuthenticationManager\OT1/cmr/m/n/12 , 
\OT1/cmtt/m/n/12 ProfileManager\OT1/cmr/m/n/12 , \OT1/cmtt/m/n/12 ViolationRetr
iveManager
 []

[16 <../assets/images/authority_projection.pdf>]
<../assets/images/component_interfaces.pdf, id=456, 536.0025pt x 994.67606pt>
File: ../assets/images/component_interfaces.pdf Graphic file (type pdf)
<use ../assets/images/component_interfaces.pdf>
Package pdftex.def Info: ../assets/images/component_interfaces.pdf  used on inp
ut line 205.
(pdftex.def)             Requested size: 272.99881pt x 506.61028pt.
 [17] [18 <../assets/images/component_interfaces.pdf>] [19]
<../assets/images/MOBILE APPLICATION COMP VIEW.png, id=492, 904.37875pt x 585.1
8625pt>
File: ../assets/images/MOBILE APPLICATION COMP VIEW.png Graphic file (type png)

<use ../assets/images/MOBILE APPLICATION COMP VIEW.png>
Package pdftex.def Info: ../assets/images/MOBILE APPLICATION COMP VIEW.png  use
d on input line 229.
(pdftex.def)             Requested size: 390.0pt x 252.34845pt.

Underfull \hbox (badness 10000) in paragraph at lines 225--231

 []


Underfull \hbox (badness 10000) in paragraph at lines 225--231

 []

[20 <../assets/images/MOBILE APPLICATION COMP VIEW.png>]
<../assets/images/tier1_tier2.png, id=500, 502.87875pt x 875.27pt>
File: ../assets/images/tier1_tier2.png Graphic file (type png)
<use ../assets/images/tier1_tier2.png>
Package pdftex.def Info: ../assets/images/tier1_tier2.png  used on input line 2
37.
(pdftex.def)             Requested size: 195.0pt x 339.39067pt.

Underfull \hbox (badness 10000) in paragraph at lines 233--239

 []


Underfull \hbox (badness 10000) in paragraph at lines 233--239

 []

[21 <../assets/images/tier1_tier2.png>]
<../assets/images/app_server.png, id=507, 502.87875pt x 583.17876pt>
File: ../assets/images/app_server.png Graphic file (type png)
<use ../assets/images/app_server.png>
Package pdftex.def Info: ../assets/images/app_server.png  used on input line 24
5.
(pdftex.def)             Requested size: 195.0pt x 226.1307pt.

Underfull \hbox (badness 10000) in paragraph at lines 241--247

 []


Underfull \hbox (badness 10000) in paragraph at lines 241--247

 []

[22 <../assets/images/app_server.png>]
<../assets/images/ENTIRE SYSTEM.png, id=514, 1426.32875pt x 835.12pt>
File: ../assets/images/ENTIRE SYSTEM.png Graphic file (type png)
<use ../assets/images/ENTIRE SYSTEM.png>
Package pdftex.def Info: ../assets/images/ENTIRE SYSTEM.png  used on input line
 253.
(pdftex.def)             Requested size: 390.0pt x 228.33981pt.
<../assets/sequence_diagrams/exports/workflw_violation_report_complete.pdf, id=
515, 586.10968pt x 1042.85606pt>
File: ../assets/sequence_diagrams/exports/workflw_violation_report_complete.pdf
 Graphic file (type pdf)
<use ../assets/sequence_diagrams/exports/workflw_violation_report_complete.pdf>

Package pdftex.def Info: ../assets/sequence_diagrams/exports/workflw_violation_
report_complete.pdf  used on input line 261.
(pdftex.def)             Requested size: 272.99881pt x 485.75052pt.
 [23 <../assets/images/ENTIRE SYSTEM.png>] [24 <../assets/sequence_diagrams/exp
orts/workflw_violation_report_complete.pdf>] [25]
<../assets/sequence_diagrams/exports/workflw_violation_retrieval_complete.pdf, 
id=541, 624.41275pt x 349.305pt>
File: ../assets/sequence_diagrams/exports/workflw_violation_retrieval_complete.
pdf Graphic file (type pdf)
<use ../assets/sequence_diagrams/exports/workflw_violation_retrieval_complete.p
df>
Package pdftex.def Info: ../assets/sequence_diagrams/exports/workflw_violation_
retrieval_complete.pdf  used on input line 269.
(pdftex.def)             Requested size: 390.0pt x 218.17117pt.
<../assets/sequence_diagrams/exports/workflw_suggestions_complete.pdf, id=542, 
729.68607pt x 399.41219pt>
File: ../assets/sequence_diagrams/exports/workflw_suggestions_complete.pdf Grap
hic file (type pdf)
<use ../assets/sequence_diagrams/exports/workflw_suggestions_complete.pdf>
Package pdftex.def Info: ../assets/sequence_diagrams/exports/workflw_suggestion
s_complete.pdf  used on input line 276.
(pdftex.def)             Requested size: 390.0pt x 213.47923pt.
 [26 <../assets/sequence_diagrams/exports/workflw_violation_retrieval_complete.
pdf>] [27 <../assets/sequence_diagrams/exports/workflw_suggestions_complete.pdf
>]
<../assets/images/model-view-controller-light-blue.png, id=571, 481.8pt x 361.3
5pt>
File: ../assets/images/model-view-controller-light-blue.png Graphic file (type 
png)
<use ../assets/images/model-view-controller-light-blue.png>
Package pdftex.def Info: ../assets/images/model-view-controller-light-blue.png 
 used on input line 289.
(pdftex.def)             Requested size: 390.0pt x 292.50995pt.
 [28 <../assets/images/model-view-controller-light-blue.png>]
<../assets/images/800px-Decorator_UML_class_diagram.png, id=577, 803.0pt x 635.
37375pt>
File: ../assets/images/800px-Decorator_UML_class_diagram.png Graphic file (type
 png)
<use ../assets/images/800px-Decorator_UML_class_diagram.png>
Package pdftex.def Info: ../assets/images/800px-Decorator_UML_class_diagram.png
  used on input line 296.
(pdftex.def)             Requested size: 390.0pt x 308.59216pt.

[29 <../assets/images/800px-Decorator_UML_class_diagram.png>]
<../assets/images/2560px-Proxy_pattern_diagram.png, id=583, 2569.6pt x 1434.358
75pt>
File: ../assets/images/2560px-Proxy_pattern_diagram.png Graphic file (type png)

<use ../assets/images/2560px-Proxy_pattern_diagram.png>
Package pdftex.def Info: ../assets/images/2560px-Proxy_pattern_diagram.png  use
d on input line 303.
(pdftex.def)             Requested size: 390.0pt x 217.68336pt.
 [30 <../assets/images/2560px-Proxy_pattern_diagram.png>] [31] [32] [33] [34]
Overfull \hbox (25.41779pt too wide) in paragraph at lines 459--459
[]\OT1/cmr/bx/n/17.28 IMPLEMENTATION, IN-TE-GRA-TION AND
 []


Underfull \hbox (badness 10000) in paragraph at lines 461--463

 []


Underfull \hbox (badness 10000) in paragraph at lines 464--466

 []


Underfull \hbox (badness 10000) in paragraph at lines 466--468

 []


Underfull \hbox (badness 10000) in paragraph at lines 468--470

 []

[35]
Underfull \hbox (badness 10000) in paragraph at lines 470--472

 []


Underfull \hbox (badness 10000) in paragraph at lines 472--474

 []


Underfull \hbox (badness 10000) in paragraph at lines 476--477

 []

[36]
Overfull \hbox (41.89957pt too wide) in paragraph at lines 502--503
[]\OT1/cmtt/m/n/12 Violations Retrieve Module, Pubblico Registro Automobilistic
o
 []

<../assets/images/auth_mod.png, id=633, 522.95375pt x 91.34125pt>
File: ../assets/images/auth_mod.png Graphic file (type png)
<use ../assets/images/auth_mod.png>
Package pdftex.def Info: ../assets/images/auth_mod.png  used on input line 513.

(pdftex.def)             Requested size: 195.0pt x 34.05914pt.
<../assets/images/prof_mod.png, id=634, 442.65375pt x 91.34125pt>
File: ../assets/images/prof_mod.png Graphic file (type png)
<use ../assets/images/prof_mod.png>
Package pdftex.def Info: ../assets/images/prof_mod.png  used on input line 518.

(pdftex.def)             Requested size: 195.0pt x 40.23904pt.
<../assets/images/viol_rep.png, id=635, 442.65375pt x 241.90375pt>
File: ../assets/images/viol_rep.png Graphic file (type png)
<use ../assets/images/viol_rep.png>
Package pdftex.def Info: ../assets/images/viol_rep.png  used on input line 523.

(pdftex.def)             Requested size: 195.0pt x 106.56715pt.
<../assets/images/main_thread_mod.png, id=636, 442.65375pt x 91.34125pt>
File: ../assets/images/main_thread_mod.png Graphic file (type png)
<use ../assets/images/main_thread_mod.png>
Package pdftex.def Info: ../assets/images/main_thread_mod.png  used on input li
ne 528.
(pdftex.def)             Requested size: 195.0pt x 40.23904pt.
[37 <../assets/images/auth_mod.png> <../assets/images/prof_mod.png>]
<../assets/images/auth_mod_serv.png, id=646, 442.65375pt x 241.90375pt>
File: ../assets/images/auth_mod_serv.png Graphic file (type png)
<use ../assets/images/auth_mod_serv.png>
Package pdftex.def Info: ../assets/images/auth_mod_serv.png  used on input line
 534.
(pdftex.def)             Requested size: 195.0pt x 106.56715pt.
<../assets/images/prof_mod_serv.png, id=647, 442.65375pt x 91.34125pt>
File: ../assets/images/prof_mod_serv.png Graphic file (type png)
<use ../assets/images/prof_mod_serv.png>
Package pdftex.def Info: ../assets/images/prof_mod_serv.png  used on input line
 539.
(pdftex.def)             Requested size: 195.0pt x 40.23904pt.
<../assets/images/viol_rep_serv.png, id=648, 442.65375pt x 261.97874pt>
File: ../assets/images/viol_rep_serv.png Graphic file (type png)
<use ../assets/images/viol_rep_serv.png>
Package pdftex.def Info: ../assets/images/viol_rep_serv.png  used on input line
 544.
(pdftex.def)             Requested size: 195.0pt x 115.4109pt.
 [38 <../assets/images/viol_rep.png> <../assets/images/main_thread_mod.png> <..
/assets/images/auth_mod_serv.png> <../assets/images/prof_mod_serv.png>]
<../assets/images/auth_mod_auth.png, id=661, 442.65375pt x 91.34125pt>
File: ../assets/images/auth_mod_auth.png Graphic file (type png)
<use ../assets/images/auth_mod_auth.png>
Package pdftex.def Info: ../assets/images/auth_mod_auth.png  used on input line
 550.
(pdftex.def)             Requested size: 195.0pt x 40.23904pt.
<../assets/images/prof_mod_auth.png, id=662, 442.65375pt x 91.34125pt>
File: ../assets/images/prof_mod_auth.png Graphic file (type png)
<use ../assets/images/prof_mod_auth.png>
Package pdftex.def Info: ../assets/images/prof_mod_auth.png  used on input line
 555.
(pdftex.def)             Requested size: 195.0pt x 40.23904pt.
<../assets/images/viol_retr.png, id=663, 442.65375pt x 332.24126pt>
File: ../assets/images/viol_retr.png Graphic file (type png)
<use ../assets/images/viol_retr.png>
Package pdftex.def Info: ../assets/images/viol_retr.png  used on input line 560
.
(pdftex.def)             Requested size: 195.0pt x 146.36403pt.
<../assets/images/sugg_mod.png, id=664, 442.65375pt x 91.34125pt>
File: ../assets/images/sugg_mod.png Graphic file (type png)
<use ../assets/images/sugg_mod.png>
Package pdftex.def Info: ../assets/images/sugg_mod.png  used on input line 565.

(pdftex.def)             Requested size: 195.0pt x 40.23904pt.
 [39 <../assets/images/viol_rep_serv.png> <../assets/images/auth_mod_auth.png> 
<../assets/images/prof_mod_auth.png> <../assets/images/viol_retr.png>]
<../assets/images/auth_mod_auth_serv.png, id=677, 442.65375pt x 91.34125pt>
File: ../assets/images/auth_mod_auth_serv.png Graphic file (type png)
<use ../assets/images/auth_mod_auth_serv.png>
Package pdftex.def Info: ../assets/images/auth_mod_auth_serv.png  used on input
 line 571.
(pdftex.def)             Requested size: 195.0pt x 40.23904pt.
<../assets/images/prof_mod_auth_serv.png, id=678, 442.65375pt x 91.34125pt>
File: ../assets/images/prof_mod_auth_serv.png Graphic file (type png)
<use ../assets/images/prof_mod_auth_serv.png>
Package pdftex.def Info: ../assets/images/prof_mod_auth_serv.png  used on input
 line 576.
(pdftex.def)             Requested size: 195.0pt x 40.23904pt.
<../assets/images/viol_retr_serv.png, id=679, 442.65375pt x 91.34125pt>
File: ../assets/images/viol_retr_serv.png Graphic file (type png)
<use ../assets/images/viol_retr_serv.png>
Package pdftex.def Info: ../assets/images/viol_retr_serv.png  used on input lin
e 581.
(pdftex.def)             Requested size: 195.0pt x 40.23904pt.
<../assets/images/sugg_mod_auth.png, id=680, 452.69125pt x 362.35374pt>
File: ../assets/images/sugg_mod_auth.png Graphic file (type png)
<use ../assets/images/sugg_mod_auth.png>
Package pdftex.def Info: ../assets/images/sugg_mod_auth.png  used on input line
 586.
(pdftex.def)             Requested size: 195.0pt x 156.08553pt.
 [40 <../assets/images/sugg_mod.png> <../assets/images/auth_mod_auth_serv.png> 
<../assets/images/prof_mod_auth_serv.png> <../assets/images/viol_retr_serv.png>
 <../assets/images/sugg_mod_auth.png>] [41]
Package atveryend Info: Empty hook `BeforeClearDocument' on input line 651.
 [42]
Package atveryend Info: Empty hook `AfterLastShipout' on input line 651.
 (DD.aux)
Package atveryend Info: Executing hook `AtVeryEndDocument' on input line 651.
Package atveryend Info: Executing hook `AtEndAfterFileList' on input line 651.
Package rerunfilecheck Info: File `DD.out' has not changed.
(rerunfilecheck)             Checksum: 6C2AA0F9EBAE01CCB249A0A3A682D448;2910.
Package atveryend Info: Empty hook `AtVeryVeryEnd' on input line 651.
 ) 
Here is how much of TeX's memory you used:
 7894 strings out of 492452
 120725 string characters out of 3119596
 208342 words of memory out of 3000000
 11976 multiletter control sequences out of 15000+200000
 13186 words of font info for 51 fonts, out of 3000000 for 9000
 1141 hyphenation exceptions out of 8191
 40i,7n,45p,807b,443s stack positions out of 5000i,500n,10000p,200000b,50000s
<C:/Users/Utente/AppData/Local/Programs/MiKTeX 2.9/fonts/type1/public/amsfont
s/cm/cmbx12.pfb><C:/Users/Utente/AppData/Local/Programs/MiKTeX 2.9/fonts/type1/
public/amsfonts/cm/cmr12.pfb><C:/Users/Utente/AppData/Local/Programs/MiKTeX 2.9
/fonts/type1/public/amsfonts/cm/cmsy10.pfb><C:/Users/Utente/AppData/Local/Progr
ams/MiKTeX 2.9/fonts/type1/public/amsfonts/cm/cmtt12.pfb>
Output written on DD.pdf (42 pages, 1364266 bytes).
PDF statistics:
 755 PDF objects out of 1000 (max. 8388607)
 139 named destinations out of 1000 (max. 500000)
 478 words of extra memory for PDF output out of 10000 (max. 10000000)

