This is pdfTeX, Version 3.14159265-2.6-1.40.20 (MiKTeX 2.9.7200 64-bit) (preloaded format=pdflatex 2019.10.15)  5 NOV 2019 18:23
entering extended mode
**./IngSoft2.tex
(IngSoft2.tex
LaTeX2e <2019-10-01>
("C:\Users\Utente\AppData\Local\Programs\MiKTeX 2.9\tex/latex/base\article.cls"
Document Class: article 2019/08/27 v1.4j Standard LaTeX document class
("C:\Users\Utente\AppData\Local\Programs\MiKTeX 2.9\tex/latex/base\size12.clo"
File: size12.clo 2019/08/27 v1.4j Standard LaTeX file (size option)
)
\c@part=\count80
\c@section=\count81
\c@subsection=\count82
\c@subsubsection=\count83
\c@paragraph=\count84
\c@subparagraph=\count85
\c@figure=\count86
\c@table=\count87
\abovecaptionskip=\skip41
\belowcaptionskip=\skip42
\bibindent=\dimen102
)
("C:\Users\Utente\AppData\Local\Programs\MiKTeX 2.9\tex/latex/base\inputenc.sty
"
Package: inputenc 2018/08/11 v1.3c Input encoding file
\inpenc@prehook=\toks14
\inpenc@posthook=\toks15
 ("C:\Users\Utente\AppData\Local\Programs\MiKTeX 2.9\tex/latex/base\latin1.def"
File: latin1.def 2018/08/11 v1.3c Input encoding file
))
("C:\Users\Utente\AppData\Local\Programs\MiKTeX 2.9\tex/latex/float\float.sty"
Package: float 2001/11/08 v1.3d Float enhancements (AL)
\c@float@type=\count88
\float@exts=\toks16
\float@box=\box27
\@float@everytoks=\toks17
\@floatcapt=\box28
)
("C:\Users\Utente\AppData\Local\Programs\MiKTeX 2.9\tex/latex/amsmath\amsmath.s
ty"
Package: amsmath 2019/04/01 v2.17c AMS math features
\@mathmargin=\skip43

For additional information on amsmath, use the `?' option.

("C:\Users\Utente\AppData\Local\Programs\MiKTeX 2.9\tex/latex/amsmath\amstext.s
ty"
Package: amstext 2000/06/29 v2.01 AMS text

("C:\Users\Utente\AppData\Local\Programs\MiKTeX 2.9\tex/latex/amsmath\amsgen.st
y"
File: amsgen.sty 1999/11/30 v2.0 generic functions
\@emptytoks=\toks18
\ex@=\dimen103
))
("C:\Users\Utente\AppData\Local\Programs\MiKTeX 2.9\tex/latex/amsmath\amsbsy.st
y"
Package: amsbsy 1999/11/29 v1.2d Bold Symbols
\pmbraise@=\dimen104
)
("C:\Users\Utente\AppData\Local\Programs\MiKTeX 2.9\tex/latex/amsmath\amsopn.st
y"
Package: amsopn 2016/03/08 v2.02 operator names
)
\inf@bad=\count89
LaTeX Info: Redefining \frac on input line 227.
\uproot@=\count90
\leftroot@=\count91
LaTeX Info: Redefining \overline on input line 389.
\classnum@=\count92
\DOTSCASE@=\count93
LaTeX Info: Redefining \ldots on input line 486.
LaTeX Info: Redefining \dots on input line 489.
LaTeX Info: Redefining \cdots on input line 610.
\Mathstrutbox@=\box29
\strutbox@=\box30
\big@size=\dimen105
LaTeX Font Info:    Redeclaring font encoding OML on input line 733.
LaTeX Font Info:    Redeclaring font encoding OMS on input line 734.
\macc@depth=\count94
\c@MaxMatrixCols=\count95
\dotsspace@=\muskip10
\c@parentequation=\count96
\dspbrk@lvl=\count97
\tag@help=\toks19
\row@=\count98
\column@=\count99
\maxfields@=\count100
\andhelp@=\toks20
\eqnshift@=\dimen106
\alignsep@=\dimen107
\tagshift@=\dimen108
\tagwidth@=\dimen109
\totwidth@=\dimen110
\lineht@=\dimen111
\@envbody=\toks21
\multlinegap=\skip44
\multlinetaggap=\skip45
\mathdisplay@stack=\toks22
LaTeX Info: Redefining \[ on input line 2855.
LaTeX Info: Redefining \] on input line 2856.
)
("C:\Users\Utente\AppData\Local\Programs\MiKTeX 2.9\tex/latex/amsfonts\amsfonts
.sty"
Package: amsfonts 2013/01/14 v3.01 Basic AMSFonts support
\symAMSa=\mathgroup4
\symAMSb=\mathgroup5
LaTeX Font Info:    Redeclaring math symbol \hbar on input line 98.
LaTeX Font Info:    Overwriting math alphabet `\mathfrak' in version `bold'
(Font)                  U/euf/m/n --> U/euf/b/n on input line 106.
)
("C:\Users\Utente\AppData\Local\Programs\MiKTeX 2.9\tex/latex/amsfonts\amssymb.
sty"
Package: amssymb 2013/01/14 v3.01 AMS font symbols
)
("C:\Users\Utente\AppData\Local\Programs\MiKTeX 2.9\tex/latex/graphics\graphicx
.sty"
Package: graphicx 2017/06/01 v1.1a Enhanced LaTeX Graphics (DPC,SPQR)

("C:\Users\Utente\AppData\Local\Programs\MiKTeX 2.9\tex/latex/graphics\keyval.s
ty"
Package: keyval 2014/10/28 v1.15 key=value parser (DPC)
\KV@toks@=\toks23
)
("C:\Users\Utente\AppData\Local\Programs\MiKTeX 2.9\tex/latex/graphics\graphics
.sty"
Package: graphics 2019/07/20 v1.3b Standard LaTeX Graphics (DPC,SPQR)

("C:\Users\Utente\AppData\Local\Programs\MiKTeX 2.9\tex/latex/graphics\trig.sty
"
Package: trig 2016/01/03 v1.10 sin cos tan (DPC)
)
("C:\Users\Utente\AppData\Local\Programs\MiKTeX 2.9\tex/latex/graphics-cfg\grap
hics.cfg"
File: graphics.cfg 2016/06/04 v1.11 sample graphics configuration
)
Package graphics Info: Driver file: pdftex.def on input line 105.

("C:\Users\Utente\AppData\Local\Programs\MiKTeX 2.9\tex/latex/graphics-def\pdft
ex.def"
File: pdftex.def 2018/01/08 v1.0l Graphics/color driver for pdftex
))
\Gin@req@height=\dimen112
\Gin@req@width=\dimen113
)
("C:\Users\Utente\AppData\Local\Programs\MiKTeX 2.9\tex/latex/hyperref\hyperref
.sty"
Package: hyperref 2019/09/28 v7.00a Hypertext links for LaTeX

("C:\Users\Utente\AppData\Local\Programs\MiKTeX 2.9\tex/generic/oberdiek\hobsub
-hyperref.sty"
Package: hobsub-hyperref 2016/05/16 v1.14 Bundle oberdiek, subset hyperref (HO)


("C:\Users\Utente\AppData\Local\Programs\MiKTeX 2.9\tex/generic/oberdiek\hobsub
-generic.sty"
Package: hobsub-generic 2016/05/16 v1.14 Bundle oberdiek, subset generic (HO)
Package: hobsub 2016/05/16 v1.14 Construct package bundles (HO)
Package: infwarerr 2016/05/16 v1.4 Providing info/warning/error messages (HO)
Package: ltxcmds 2016/05/16 v1.23 LaTeX kernel commands for general use (HO)
Package: ifluatex 2016/05/16 v1.4 Provides the ifluatex switch (HO)
Package ifluatex Info: LuaTeX not detected.
Package: ifvtex 2016/05/16 v1.6 Detect VTeX and its facilities (HO)
Package ifvtex Info: VTeX not detected.
Package: intcalc 2016/05/16 v1.2 Expandable calculations with integers (HO)
Package: ifpdf 2018/09/07 v3.3 Provides the ifpdf switch
Package: etexcmds 2016/05/16 v1.6 Avoid name clashes with e-TeX commands (HO)
Package: kvsetkeys 2016/05/16 v1.17 Key value parser (HO)
Package: kvdefinekeys 2016/05/16 v1.4 Define keys (HO)
Package: pdftexcmds 2019/07/25 v0.30 Utility functions of pdfTeX for LuaTeX (HO
)
Package pdftexcmds Info: LuaTeX not detected.
Package pdftexcmds Info: \pdf@primitive is available.
Package pdftexcmds Info: \pdf@ifprimitive is available.
Package pdftexcmds Info: \pdfdraftmode found.
Package: pdfescape 2016/05/16 v1.14 Implements pdfTeX's escape features (HO)
Package: bigintcalc 2016/05/16 v1.4 Expandable calculations on big integers (HO
)
Package: bitset 2016/05/16 v1.2 Handle bit-vector datatype (HO)
Package: uniquecounter 2016/05/16 v1.3 Provide unlimited unique counter (HO)
)
Package hobsub Info: Skipping package `hobsub' (already loaded).
Package: letltxmacro 2016/05/16 v1.5 Let assignment for LaTeX macros (HO)
Package: hopatch 2016/05/16 v1.3 Wrapper for package hooks (HO)
Package: xcolor-patch 2016/05/16 xcolor patch
Package: atveryend 2016/05/16 v1.9 Hooks at the very end of document (HO)
Package atveryend Info: \enddocument detected (standard20110627).
Package: atbegshi 2016/06/09 v1.18 At begin shipout hook (HO)
Package: refcount 2016/05/16 v3.5 Data extraction from label references (HO)
Package: hycolor 2016/05/16 v1.8 Color options for hyperref/bookmark (HO)
)
("C:\Users\Utente\AppData\Local\Programs\MiKTeX 2.9\tex/generic/ifxetex\ifxetex
.sty"
Package: ifxetex 2010/09/12 v0.6 Provides ifxetex conditional
)
("C:\Users\Utente\AppData\Local\Programs\MiKTeX 2.9\tex/latex/oberdiek\auxhook.
sty"
Package: auxhook 2016/05/16 v1.4 Hooks for auxiliary files (HO)
)
("C:\Users\Utente\AppData\Local\Programs\MiKTeX 2.9\tex/latex/oberdiek\kvoption
s.sty"
Package: kvoptions 2016/05/16 v3.12 Key value format for package options (HO)
)
\@linkdim=\dimen114
\Hy@linkcounter=\count101
\Hy@pagecounter=\count102

("C:\Users\Utente\AppData\Local\Programs\MiKTeX 2.9\tex/latex/hyperref\pd1enc.d
ef"
File: pd1enc.def 2019/09/28 v7.00a Hyperref: PDFDocEncoding definition (HO)
Now handling font encoding PD1 ...
... no UTF-8 mapping file for font encoding PD1
)
\Hy@SavedSpaceFactor=\count103

("C:\Users\Utente\AppData\Local\Programs\MiKTeX 2.9\tex/latex/00miktex\hyperref
.cfg"
File: hyperref.cfg 2002/06/06 v1.2 hyperref configuration of TeXLive
)
Package hyperref Info: Hyper figures OFF on input line 4540.
Package hyperref Info: Link nesting OFF on input line 4545.
Package hyperref Info: Hyper index ON on input line 4548.
Package hyperref Info: Plain pages OFF on input line 4555.
Package hyperref Info: Backreferencing OFF on input line 4560.
Package hyperref Info: Implicit mode ON; LaTeX internals redefined.
Package hyperref Info: Bookmarks ON on input line 4793.
\c@Hy@tempcnt=\count104
 ("C:\Users\Utente\AppData\Local\Programs\MiKTeX 2.9\tex/latex/url\url.sty"
\Urlmuskip=\muskip11
Package: url 2013/09/16  ver 3.4  Verb mode for urls, etc.
)
LaTeX Info: Redefining \url on input line 5152.
\XeTeXLinkMargin=\dimen115
\Fld@menulength=\count105
\Field@Width=\dimen116
\Fld@charsize=\dimen117
Package hyperref Info: Hyper figures OFF on input line 6423.
Package hyperref Info: Link nesting OFF on input line 6428.
Package hyperref Info: Hyper index ON on input line 6431.
Package hyperref Info: backreferencing OFF on input line 6438.
Package hyperref Info: Link coloring OFF on input line 6443.
Package hyperref Info: Link coloring with OCG OFF on input line 6448.
Package hyperref Info: PDF/A mode OFF on input line 6453.
LaTeX Info: Redefining \ref on input line 6493.
LaTeX Info: Redefining \pageref on input line 6497.
\Hy@abspage=\count106
\c@Item=\count107
\c@Hfootnote=\count108
)
Package hyperref Info: Driver (autodetected): hpdftex.

("C:\Users\Utente\AppData\Local\Programs\MiKTeX 2.9\tex/latex/hyperref\hpdftex.
def"
File: hpdftex.def 2019/09/28 v7.00a Hyperref driver for pdfTeX
\Fld@listcount=\count109
\c@bookmark@seq@number=\count110

("C:\Users\Utente\AppData\Local\Programs\MiKTeX 2.9\tex/latex/oberdiek\rerunfil
echeck.sty"
Package: rerunfilecheck 2016/05/16 v1.8 Rerun checks for auxiliary files (HO)
Package uniquecounter Info: New unique counter `rerunfilecheck' on input line 2
82.
)
\Hy@SectionHShift=\skip46
) (IngSoft2.aux

LaTeX Warning: Label `' multiply defined.


LaTeX Warning: Label `' multiply defined.


LaTeX Warning: Label `' multiply defined.


LaTeX Warning: Label `' multiply defined.


LaTeX Warning: Label `' multiply defined.


LaTeX Warning: Label `' multiply defined.


LaTeX Warning: Label `' multiply defined.


LaTeX Warning: Label `' multiply defined.


LaTeX Warning: Label `' multiply defined.

)
\openout1 = `IngSoft2.aux'.

LaTeX Font Info:    Checking defaults for OML/cmm/m/it on input line 20.
LaTeX Font Info:    ... okay on input line 20.
LaTeX Font Info:    Checking defaults for T1/cmr/m/n on input line 20.
LaTeX Font Info:    ... okay on input line 20.
LaTeX Font Info:    Checking defaults for OT1/cmr/m/n on input line 20.
LaTeX Font Info:    ... okay on input line 20.
LaTeX Font Info:    Checking defaults for OMS/cmsy/m/n on input line 20.
LaTeX Font Info:    ... okay on input line 20.
LaTeX Font Info:    Checking defaults for OMX/cmex/m/n on input line 20.
LaTeX Font Info:    ... okay on input line 20.
LaTeX Font Info:    Checking defaults for U/cmr/m/n on input line 20.
LaTeX Font Info:    ... okay on input line 20.
LaTeX Font Info:    Checking defaults for PD1/pdf/m/n on input line 20.
LaTeX Font Info:    ... okay on input line 20.

("C:\Users\Utente\AppData\Local\Programs\MiKTeX 2.9\tex/context/base/mkii\supp-
pdf.mkii"
[Loading MPS to PDF converter (version 2006.09.02).]
\scratchcounter=\count111
\scratchdimen=\dimen118
\scratchbox=\box31
\nofMPsegments=\count112
\nofMParguments=\count113
\everyMPshowfont=\toks24
\MPscratchCnt=\count114
\MPscratchDim=\dimen119
\MPnumerator=\count115
\makeMPintoPDFobject=\count116
\everyMPtoPDFconversion=\toks25
)
("C:\Users\Utente\AppData\Local\Programs\MiKTeX 2.9\tex/latex/oberdiek\epstopdf
-base.sty"
Package: epstopdf-base 2016/05/15 v2.6 Base part for package epstopdf

("C:\Users\Utente\AppData\Local\Programs\MiKTeX 2.9\tex/latex/oberdiek\grfext.s
ty"
Package: grfext 2016/05/16 v1.2 Manage graphics extensions (HO)
)
Package epstopdf-base Info: Redefining graphics rule for `.eps' on input line 4
38.
Package grfext Info: Graphics extension search list:
(grfext)             [.pdf,.png,.jpg,.mps,.jpeg,.jbig2,.jb2,.PDF,.PNG,.JPG,.JPE
G,.JBIG2,.JB2,.eps]
(grfext)             \AppendGraphicsExtensions on input line 456.
)
\AtBeginShipoutBox=\box32
Package hyperref Info: Link coloring OFF on input line 20.

("C:\Users\Utente\AppData\Local\Programs\MiKTeX 2.9\tex/latex/hyperref\nameref.
sty"
Package: nameref 2019/09/16 v2.46 Cross-referencing by name of section

("C:\Users\Utente\AppData\Local\Programs\MiKTeX 2.9\tex/generic/oberdiek\gettit
lestring.sty"
Package: gettitlestring 2016/05/16 v1.5 Cleanup title references (HO)
)
\c@section@level=\count117
)
LaTeX Info: Redefining \ref on input line 20.
LaTeX Info: Redefining \pageref on input line 20.
LaTeX Info: Redefining \nameref on input line 20.
 (IngSoft2.out) (IngSoft2.out)
\@outlinefile=\write3
\openout3 = `IngSoft2.out'.

<assets/images/logo_poli.jpg, id=151, 578.16pt x 569.12625pt>
File: assets/images/logo_poli.jpg Graphic file (type jpg)
<use assets/images/logo_poli.jpg>
Package pdftex.def Info: assets/images/logo_poli.jpg  used on input line 24.
(pdftex.def)             Requested size: 390.0pt x 383.90048pt.
LaTeX Font Info:    Trying to load font information for U+msa on input line 28.


("C:\Users\Utente\AppData\Local\Programs\MiKTeX 2.9\tex/latex/amsfonts\umsa.fd"
File: umsa.fd 2013/01/14 v3.01 AMS symbols A
)
LaTeX Font Info:    Trying to load font information for U+msb on input line 28.

 ("C:\Users\Utente\AppData\Local\Programs\MiKTeX 2.9\tex/latex/amsfonts\umsb.fd
"
File: umsb.fd 2013/01/14 v3.01 AMS symbols B
) [1

{C:/Users/Utente/AppData/Local/MiKTeX/2.9/pdftex/config/pdftex.map} <./assets/i
mages/logo_poli.jpg>] (IngSoft2.toc [2])
\tf@toc=\write4
\openout4 = `IngSoft2.toc'.

 [3]
LaTeX Font Info:    Trying to load font information for OMS+cmr on input line 3
9.

("C:\Users\Utente\AppData\Local\Programs\MiKTeX 2.9\tex/latex/base\omscmr.fd"
File: omscmr.fd 2014/09/29 v2.5h Standard LaTeX font definitions
)
LaTeX Font Info:    Font shape `OMS/cmr/m/n' in size <12> not available
(Font)              Font shape `OMS/cmsy/m/n' tried instead on input line 39.

[4]
Overfull \hbox (21.30269pt too wide) in paragraph at lines 78--79
[]\OT1/cmr/m/n/12 Alloy Lan-guage Ref-er-ence "http://alloytools.org/download/a
lloy-language-
 []

[5] [6]
<assets/images/exports/user/UML.png, id=232, 854.19125pt x 554.07pt>
File: assets/images/exports/user/UML.png Graphic file (type png)
<use assets/images/exports/user/UML.png>
Package pdftex.def Info: assets/images/exports/user/UML.png  used on input line
 98.
(pdftex.def)             Requested size: 390.0pt x 252.97305pt.
<assets/images/exports/user/StateChartDiagramUser.png, id=234, 1097.09875pt x 3
49.305pt>
File: assets/images/exports/user/StateChartDiagramUser.png Graphic file (type p
ng)
<use assets/images/exports/user/StateChartDiagramUser.png>
Package pdftex.def Info: assets/images/exports/user/StateChartDiagramUser.png  
used on input line 105.
(pdftex.def)             Requested size: 390.0pt x 124.17203pt.
<assets/images/exports/authority/StateChartDiagramAuthority.png, id=235, 1056.9
4875pt x 237.88875pt>
File: assets/images/exports/authority/StateChartDiagramAuthority.png Graphic fi
le (type png)
<use assets/images/exports/authority/StateChartDiagramAuthority.png>
Package pdftex.def Info: assets/images/exports/authority/StateChartDiagramAutho
rity.png  used on input line 111.
(pdftex.def)             Requested size: 390.0pt x 87.77788pt.
 [7 <./assets/images/exports/user/UML.png> <./assets/images/exports/user/StateC
hartDiagramUser.png>] [8 <./assets/images/exports/authority/StateChartDiagramAu
thority.png>] [9]
<assets/images/exports/user/home.png, id=255, 376.40625pt x 815.045pt>
File: assets/images/exports/user/home.png Graphic file (type png)
<use assets/images/exports/user/home.png>
Package pdftex.def Info: assets/images/exports/user/home.png  used on input lin
e 159.
(pdftex.def)             Requested size: 155.99762pt x 337.78964pt.
<assets/images/exports/user/home-no-map.png, id=256, 376.40625pt x 815.045pt>
File: assets/images/exports/user/home-no-map.png Graphic file (type png)
<use assets/images/exports/user/home-no-map.png>
Package pdftex.def Info: assets/images/exports/user/home-no-map.png  used on in
put line 160.
(pdftex.def)             Requested size: 155.99762pt x 337.78964pt.

Underfull \hbox (badness 10000) in paragraph at lines 154--163

 []

<assets/images/exports/user/sign-up.png, id=257, 376.40625pt x 815.045pt>
File: assets/images/exports/user/sign-up.png Graphic file (type png)
<use assets/images/exports/user/sign-up.png>
Package pdftex.def Info: assets/images/exports/user/sign-up.png  used on input 
line 166.
(pdftex.def)             Requested size: 117.00119pt x 253.34534pt.
<assets/images/exports/user/sign-in.png, id=258, 376.40625pt x 815.045pt>
File: assets/images/exports/user/sign-in.png Graphic file (type png)
<use assets/images/exports/user/sign-in.png>
Package pdftex.def Info: assets/images/exports/user/sign-in.png  used on input 
line 167.
(pdftex.def)             Requested size: 117.00119pt x 253.34534pt.
<assets/images/exports/user/take-photo.png, id=259, 376.40625pt x 815.045pt>
File: assets/images/exports/user/take-photo.png Graphic file (type png)
<use assets/images/exports/user/take-photo.png>
Package pdftex.def Info: assets/images/exports/user/take-photo.png  used on inp
ut line 173.
(pdftex.def)             Requested size: 117.00119pt x 253.34534pt.
<assets/images/exports/user/confirm-photo.png, id=260, 376.40625pt x 815.045pt>

File: assets/images/exports/user/confirm-photo.png Graphic file (type png)
<use assets/images/exports/user/confirm-photo.png>
Package pdftex.def Info: assets/images/exports/user/confirm-photo.png  used on 
input line 174.
(pdftex.def)             Requested size: 117.00119pt x 253.34534pt.
[10 <./assets/images/exports/user/home.png> <./assets/images/exports/user/home-
no-map.png>]
<assets/images/exports/user/violation-details.png, id=268, 376.40625pt x 815.04
5pt>
File: assets/images/exports/user/violation-details.png Graphic file (type png)
<use assets/images/exports/user/violation-details.png>
Package pdftex.def Info: assets/images/exports/user/violation-details.png  used
 on input line 180.
(pdftex.def)             Requested size: 117.00119pt x 253.34534pt.
<assets/images/exports/user/account-info.png, id=269, 376.40625pt x 815.045pt>
File: assets/images/exports/user/account-info.png Graphic file (type png)
<use assets/images/exports/user/account-info.png>
Package pdftex.def Info: assets/images/exports/user/account-info.png  used on i
nput line 181.
(pdftex.def)             Requested size: 117.00119pt x 253.34534pt.
<assets/images/exports/authority/sign-in.png, id=270, 1927.2pt x 1084.05pt>
File: assets/images/exports/authority/sign-in.png Graphic file (type png)
<use assets/images/exports/authority/sign-in.png>
Package pdftex.def Info: assets/images/exports/authority/sign-in.png  used on i
nput line 187.
(pdftex.def)             Requested size: 390.0pt x 219.37006pt.
 [11 <./assets/images/exports/user/sign-up.png> <./assets/images/exports/user/s
ign-in.png> <./assets/images/exports/user/take-photo.png> <./assets/images/expo
rts/user/confirm-photo.png>]
<assets/images/exports/authority/reports-list.png, id=281, 1927.2pt x 1084.05pt
>
File: assets/images/exports/authority/reports-list.png Graphic file (type png)
<use assets/images/exports/authority/reports-list.png>
Package pdftex.def Info: assets/images/exports/authority/reports-list.png  used
 on input line 193.
(pdftex.def)             Requested size: 390.0pt x 219.37006pt.
<assets/images/exports/authority/suggestions-list.png, id=282, 1927.2pt x 1084.
05pt>
File: assets/images/exports/authority/suggestions-list.png Graphic file (type p
ng)
<use assets/images/exports/authority/suggestions-list.png>
Package pdftex.def Info: assets/images/exports/authority/suggestions-list.png  
used on input line 199.
(pdftex.def)             Requested size: 390.0pt x 219.37006pt.
 [12 <./assets/images/exports/user/violation-details.png> <./assets/images/expo
rts/user/account-info.png> <./assets/images/exports/authority/sign-in.png>] [13
 <./assets/images/exports/authority/reports-list.png> <./assets/images/exports/
authority/suggestions-list.png>]
Underfull \hbox (badness 10000) in paragraph at lines 214--215

 []

[14] [15]
Underfull \hbox (badness 10000) in paragraph at lines 232--234

 []


Underfull \hbox (badness 10000) in paragraph at lines 232--234

 []


Underfull \hbox (badness 10000) in paragraph at lines 246--248

 []


Underfull \hbox (badness 10000) in paragraph at lines 246--248

 []

[16]
Underfull \hbox (badness 10000) in paragraph at lines 258--260

 []


Underfull \hbox (badness 10000) in paragraph at lines 258--260

 []


Underfull \hbox (badness 10000) in paragraph at lines 265--267

 []


Underfull \hbox (badness 10000) in paragraph at lines 265--267

 []


Underfull \hbox (badness 10000) in paragraph at lines 272--274

 []


Underfull \hbox (badness 10000) in paragraph at lines 272--274

 []

[17]
Underfull \hbox (badness 10000) in paragraph at lines 281--283

 []


Underfull \hbox (badness 10000) in paragraph at lines 281--283

 []


Underfull \hbox (badness 10000) in paragraph at lines 288--290

 []


Underfull \hbox (badness 10000) in paragraph at lines 288--290

 []

[18] [19]
Overfull \hbox (13.18149pt too wide) in paragraph at lines 324--324
[]\OT1/cmr/bx/n/17.28 FORMAL ANAL-Y-SIS US-ING AL-LOY: This
 []


Overfull \hbox (2.28984pt too wide) in paragraph at lines 324--324
\OT1/cmr/bx/n/17.28 the sound-ness and cor-rect-ness of the model,
 []

Package atveryend Info: Empty hook `BeforeClearDocument' on input line 356.
[20] [21]
Package atveryend Info: Empty hook `AfterLastShipout' on input line 356.
 (IngSoft2.aux)
Package atveryend Info: Executing hook `AtVeryEndDocument' on input line 356.
Package atveryend Info: Executing hook `AtEndAfterFileList' on input line 356.


Package rerunfilecheck Warning: File `IngSoft2.out' has changed.
(rerunfilecheck)                Rerun to get outlines right
(rerunfilecheck)                or use package `bookmark'.

Package rerunfilecheck Info: Checksums for `IngSoft2.out':
(rerunfilecheck)             Before: 7286A40F23AB95B43546768EEFDBF5D9;2983
(rerunfilecheck)             After:  D171FEF7EC753F010023164BD9F02BE9;2903.

LaTeX Warning: There were multiply-defined labels.

Package atveryend Info: Empty hook `AtVeryVeryEnd' on input line 356.
 ) 
Here is how much of TeX's memory you used:
 6505 strings out of 492452
 96920 string characters out of 3119596
 185070 words of memory out of 3000000
 10700 multiletter control sequences out of 15000+200000
 13186 words of font info for 51 fonts, out of 3000000 for 9000
 1141 hyphenation exceptions out of 8191
 31i,6n,28p,590b,382s stack positions out of 5000i,500n,10000p,200000b,50000s
pdfTeX warning (dest): name{subsubsection.3.5.3} has been referenced but does
 not exist, replaced by a fixed one

<C:/Users/Utente/AppData/Local/Programs/MiKTeX 2.9/fonts/type1/public/amsfonts/
cm/cmbx12.pfb><C:/Users/Utente/AppData/Local/Programs/MiKTeX 2.9/fonts/type1/pu
blic/amsfonts/cm/cmr12.pfb><C:/Users/Utente/AppData/Local/Programs/MiKTeX 2.9/f
onts/type1/public/amsfonts/cm/cmsy10.pfb><C:/Users/Utente/AppData/Local/Program
s/MiKTeX 2.9/fonts/type1/public/amsfonts/cm/cmtt12.pfb>
Output written on IngSoft2.pdf (21 pages, 3861973 bytes).
PDF statistics:
 380 PDF objects out of 1000 (max. 8388607)
 87 named destinations out of 1000 (max. 500000)
 372 words of extra memory for PDF output out of 10000 (max. 10000000)

