\BOOKMARK [1][-]{section.1}{INTRODUCTION}{}% 1
\BOOKMARK [2][-]{subsection.1.1}{Purpose}{section.1}% 2
\BOOKMARK [3][-]{subsubsection.1.1.1}{Goals}{subsection.1.1}% 3
\BOOKMARK [2][-]{subsection.1.2}{Scope}{section.1}% 4
\BOOKMARK [2][-]{subsection.1.3}{Definitions, Acronyms, Abbreviations}{section.1}% 5
\BOOKMARK [2][-]{subsection.1.4}{Revision history}{section.1}% 6
\BOOKMARK [2][-]{subsection.1.5}{Reference Documents}{section.1}% 7
\BOOKMARK [2][-]{subsection.1.6}{Document Structure}{section.1}% 8
\BOOKMARK [1][-]{section.2}{OVERALL DESCRIPTION}{}% 9
\BOOKMARK [2][-]{subsection.2.1}{Product perspective: here we include further details on the shared phenomena and a domain model \(class diagrams and statecharts\)}{section.2}% 10
\BOOKMARK [2][-]{subsection.2.2}{Product functions}{section.2}% 11
\BOOKMARK [2][-]{subsection.2.3}{User characteristics: here we include anything that is relevant to clarify their needs}{section.2}% 12
\BOOKMARK [2][-]{subsection.2.4}{Assumptions, dependencies and constraints: here we include domain assumptions }{section.2}% 13
\BOOKMARK [1][-]{section.3}{SPECIFIC REQUIREMENTS: Here we include more details on all aspects in Section 2 if they can be useful for the development team}{}% 14
\BOOKMARK [2][-]{subsection.3.1}{External Interface Requirements}{section.3}% 15
\BOOKMARK [3][-]{subsubsection.3.1.1}{User Interfaces}{subsection.3.1}% 16
\BOOKMARK [3][-]{subsubsection.3.1.2}{Hardware Interfaces}{subsection.3.1}% 17
\BOOKMARK [3][-]{subsubsection.3.1.3}{Software Interfaces}{subsection.3.1}% 18
\BOOKMARK [3][-]{subsubsection.3.1.4}{Communication Interfaces}{subsection.3.1}% 19
\BOOKMARK [2][-]{subsection.3.2}{Functional Requirements: Definition of use case diagrams, use cases and associated sequence/activity diagrams, and mapping on requirements}{section.3}% 20
\BOOKMARK [2][-]{subsection.3.3}{Performance Requirements}{section.3}% 21
\BOOKMARK [2][-]{subsection.3.4}{Design Constraints}{section.3}% 22
\BOOKMARK [3][-]{subsubsection.3.4.1}{Standards compliance}{subsection.3.4}% 23
\BOOKMARK [3][-]{subsubsection.3.4.2}{Hardware limitations}{subsection.3.4}% 24
\BOOKMARK [3][-]{subsubsection.3.4.3}{Any other constraint}{subsection.3.4}% 25
\BOOKMARK [2][-]{subsection.3.5}{Software System Attributes}{section.3}% 26
\BOOKMARK [3][-]{subsubsection.3.5.1}{Reliability}{subsection.3.5}% 27
\BOOKMARK [3][-]{subsubsection.3.5.2}{Availability}{subsection.3.5}% 28
\BOOKMARK [3][-]{subsubsection.3.5.3}{Security}{subsection.3.5}% 29
\BOOKMARK [3][-]{subsubsection.3.5.4}{Maintainability}{subsection.3.5}% 30
\BOOKMARK [3][-]{subsubsection.3.5.5}{Portability}{subsection.3.5}% 31
\BOOKMARK [1][-]{section.4}{FORMAL ANALYSIS USING ALLOY: This section should include a brief presentation of the main objectives driving the formal modeling activity, as well as a description of the model itself, what can be proved with it, and why what is proved is important given the problem at hand. To show the soundness and correctness of the model, this section can show some worlds obtained by running it, and/or the results of the checks performed on meaningful assertions}{}% 32
\BOOKMARK [1][-]{section.5}{EFFORT SPENT: In this section you will include information about the number of hours each group member has worked for this document.}{}% 33
\BOOKMARK [1][-]{section.6}{REFERENCES}{}% 34
