\BOOKMARK [1][-]{section.1}{INTRODUCTION}{}% 1
\BOOKMARK [2][-]{subsection.1.1}{Purpose}{section.1}% 2
\BOOKMARK [3][-]{subsubsection.1.1.1}{Goals}{subsection.1.1}% 3
\BOOKMARK [2][-]{subsection.1.2}{Scope}{section.1}% 4
\BOOKMARK [2][-]{subsection.1.3}{Definitions, Acronyms, Abbreviations}{section.1}% 5
\BOOKMARK [3][-]{subsubsection.1.3.1}{Acronyms}{subsection.1.3}% 6
\BOOKMARK [2][-]{subsection.1.4}{Revision history}{section.1}% 7
\BOOKMARK [2][-]{subsection.1.5}{Reference Documents}{section.1}% 8
\BOOKMARK [2][-]{subsection.1.6}{Document Structure}{section.1}% 9
\BOOKMARK [1][-]{section.2}{OVERALL DESCRIPTION}{}% 10
\BOOKMARK [2][-]{subsection.2.1}{Product perspective}{section.2}% 11
\BOOKMARK [2][-]{subsection.2.2}{Product functions}{section.2}% 12
\BOOKMARK [2][-]{subsection.2.3}{User characteristics}{section.2}% 13
\BOOKMARK [2][-]{subsection.2.4}{Assumptions, dependencies and constraints}{section.2}% 14
\BOOKMARK [1][-]{section.3}{SPECIFIC REQUIREMENTS}{}% 15
\BOOKMARK [2][-]{subsection.3.1}{External Interface Requirements}{section.3}% 16
\BOOKMARK [3][-]{subsubsection.3.1.1}{User Interfaces}{subsection.3.1}% 17
\BOOKMARK [3][-]{subsubsection.3.1.2}{Hardware Interfaces}{subsection.3.1}% 18
\BOOKMARK [3][-]{subsubsection.3.1.3}{Software Interfaces}{subsection.3.1}% 19
\BOOKMARK [3][-]{subsubsection.3.1.4}{Communication Interfaces}{subsection.3.1}% 20
\BOOKMARK [2][-]{subsection.3.2}{Scenarios}{section.3}% 21
\BOOKMARK [2][-]{subsection.3.3}{Functional Requirements}{section.3}% 22
\BOOKMARK [2][-]{subsection.3.4}{Use Cases}{section.3}% 23
\BOOKMARK [3][-]{subsubsection.3.4.1}{Visitor Registration}{subsection.3.4}% 24
\BOOKMARK [3][-]{subsubsection.3.4.2}{User Login}{subsection.3.4}% 25
\BOOKMARK [3][-]{subsubsection.3.4.3}{Authority Registration}{subsection.3.4}% 26
\BOOKMARK [3][-]{subsubsection.3.4.4}{Authority Login}{subsection.3.4}% 27
\BOOKMARK [3][-]{subsubsection.3.4.5}{Account Information}{subsection.3.4}% 28
\BOOKMARK [3][-]{subsubsection.3.4.6}{Violation Reporting}{subsection.3.4}% 29
\BOOKMARK [3][-]{subsubsection.3.4.7}{Reports History}{subsection.3.4}% 30
\BOOKMARK [3][-]{subsubsection.3.4.8}{Violation Solving}{subsection.3.4}% 31
\BOOKMARK [3][-]{subsubsection.3.4.9}{Suggestion Observing}{subsection.3.4}% 32
\BOOKMARK [3][-]{subsubsection.3.4.10}{Suggestion Requesting}{subsection.3.4}% 33
\BOOKMARK [2][-]{subsection.3.5}{Sequence Diagrams}{section.3}% 34
\BOOKMARK [3][-]{subsubsection.3.5.1}{User Registration}{subsection.3.5}% 35
\BOOKMARK [3][-]{subsubsection.3.5.2}{User Login}{subsection.3.5}% 36
\BOOKMARK [3][-]{subsubsection.3.5.3}{Authority Login}{subsection.3.5}% 37
\BOOKMARK [3][-]{subsubsection.3.5.4}{Violation Reporting}{subsection.3.5}% 38
\BOOKMARK [3][-]{subsubsection.3.5.5}{Violation Solving}{subsection.3.5}% 39
\BOOKMARK [3][-]{subsubsection.3.5.6}{Suggestion Request}{subsection.3.5}% 40
\BOOKMARK [2][-]{subsection.3.6}{Performance Requirements}{section.3}% 41
\BOOKMARK [2][-]{subsection.3.7}{Design Constraints}{section.3}% 42
\BOOKMARK [3][-]{subsubsection.3.7.1}{Standards compliance}{subsection.3.7}% 43
\BOOKMARK [3][-]{subsubsection.3.7.2}{Hardware limitations}{subsection.3.7}% 44
\BOOKMARK [2][-]{subsection.3.8}{Software System Attributes}{section.3}% 45
\BOOKMARK [3][-]{subsubsection.3.8.1}{Reliability}{subsection.3.8}% 46
\BOOKMARK [3][-]{subsubsection.3.8.2}{Availability}{subsection.3.8}% 47
\BOOKMARK [3][-]{subsubsection.3.8.3}{Security}{subsection.3.8}% 48
\BOOKMARK [3][-]{subsubsection.3.8.4}{Maintainability}{subsection.3.8}% 49
\BOOKMARK [3][-]{subsubsection.3.8.5}{Portability}{subsection.3.8}% 50
\BOOKMARK [1][-]{section.4}{FORMAL ANALYSIS USING ALLOY}{}% 51
\BOOKMARK [2][-]{subsection.4.1}{Purpose of the Model}{section.4}% 52
\BOOKMARK [2][-]{subsection.4.2}{Alloy Model}{section.4}% 53
\BOOKMARK [2][-]{subsection.4.3}{Generated World}{section.4}% 54
\BOOKMARK [3][-]{subsubsection.4.3.1}{Description}{subsection.4.3}% 55
\BOOKMARK [1][-]{section.5}{EFFORT SPENT}{}% 56
\BOOKMARK [1][-]{section.6}{REFERENCES}{}% 57
\BOOKMARK [2][-]{subsection.6.1}{Tools}{section.6}% 58
